<?xml version="1.0" encoding="UTF-8"?>
<!-- Generated by org.testng.reporters.JUnitXMLReporter -->
<testsuite hostname="NCEL70186" ignored="0" name="all" tests="1" failures="1" timestamp="2020-03-12T17:19:41 CET" time="10.849" errors="0">
  <testcase name="accessWebSiteAndSignUp" time="6.659" classname="tests.gooticketsTests">
    <failure type="java.lang.IllegalMonitorStateException">
      <![CDATA[java.lang.IllegalMonitorStateException
at java.lang.Object.wait(Native Method)
at tests.gooticketsTests.accessWebSiteAndSignUp(gooticketsTests.java:62)
at java.util.concurrent.ThreadPoolExecutor.runWorker(ThreadPoolExecutor.java:1149)
at java.util.concurrent.ThreadPoolExecutor$Worker.run(ThreadPoolExecutor.java:624)
at java.lang.Thread.run(Thread.java:748)
... Removed 12 stack frames]]>
    </failure>
  </testcase> <!-- accessWebSiteAndSignUp -->
</testsuite> <!-- all -->
