<?xml version="1.0" encoding="UTF-8"?>
<testsuite xmlns:xsi="http://www.w3.org/2001/XMLSchema-instance" xsi:noNamespaceSchemaLocation="https://maven.apache.org/surefire/maven-surefire-plugin/xsd/surefire-test-report-3.0.xsd" version="3.0" name="TestSuite" time="11.519" tests="1" errors="0" skipped="0" failures="1">
  <properties>
[...]
</properties>
  <testcase name="accessWebSiteAndSignUp" classname="tests.gooticketsTests" time="6.666">
    <failure type="java.lang.IllegalMonitorStateException">java.lang.IllegalMonitorStateException
	at tests.gooticketsTests.accessWebSiteAndSignUp(gooticketsTests.java:62)
</failure>
    <system-out><![CDATA[...
... TestNG 7.0.0-beta7 by CÃ©dric Beust (cedric@beust.com)
...

]]></system-out>
    <system-err><![CDATA[1584029971616	mozrunner::runner	INFO	Running command: "C:\\Program Files\\Mozilla Firefox\\firefox.exe" "-marionette" "-foreground" "-no-remote" "-profile" "C:\\Users\\jebert\\AppData\\Local\\Temp\\rust_mozprofilej5a8Vg"
1584029972029	addons.webextension.doh-rollout@mozilla.org	WARN	Loading extension 'doh-rollout@mozilla.org': Reading manifest: Invalid extension permission: networkStatus
1584029972193	addons.webextension.screenshots@mozilla.org	WARN	Loading extension 'screenshots@mozilla.org': Reading manifest: Invalid extension permission: mozillaAddons
1584029972193	addons.webextension.screenshots@mozilla.org	WARN	Loading extension 'screenshots@mozilla.org': Reading manifest: Invalid extension permission: telemetry
1584029972193	addons.webextension.screenshots@mozilla.org	WARN	Loading extension 'screenshots@mozilla.org': Reading manifest: Invalid extension permission: resource://pdf.js/
1584029972193	addons.webextension.screenshots@mozilla.org	WARN	Loading extension 'screenshots@mozilla.org': Reading manifest: Invalid extension permission: about:reader*
JavaScript error: resource://gre/modules/XULStore.jsm, line 66: Error: Can't find profile directory.
1584029974215	Marionette	INFO	Listening on port 58554
1584029974364	Marionette	WARN	TLS certificate errors will be ignored for this session
Mar 12, 2020 5:19:34 PM org.openqa.selenium.remote.ProtocolHandshake createSession
INFO: Detected dialect: W3C
JavaScript error: https://www.gootickets.com/js/vendorjs/angular/angular.min.js?version=7.26.22, line 1: Error: [$injector:modulerr] http://errors.angularjs.org/1.6.10/$injector/modulerr?p0=gooVenue&p1=%5B%24injector%3Amodulerr%5D%20http%3A%2F%2Ferrors.angularjs.org%2F1.6.10%2F%24injector%2Fmodulerr%3Fp0%3Dmgcrea.ngStrap%26p1%3D%255B%2524injector%253Anomod%255D%2520http%253A%252F%252Ferrors.angularjs.org%252F1.6.10%252F%2524injector%252Fnomod%253Fp0%253Dmgcrea.ngStrap%250Ar%252F%253C%2540https%253A%252F%252Fwww.gootickets.com%252Fjs%252Fvendorjs%252Fangular%252Fangular.min.js%253Fversion%253D7.26.22%253A1%253A554%250Aht%252F%253C%252F%253C%252F%253C%2540https%253A%252F%252Fwww.gootickets.com%252Fjs%252Fvendorjs%252Fangular%252Fangular.min.js%253Fversion%253D7.26.22%253A1%253A10113%250Ae%2540https%253A%252F%252Fwww.gootickets.com%252Fjs%252Fvendorjs%252Fangular%252Fangular.min.js%253Fversion%253D7.26.22%253A1%253A9635%250Aht%252F%253C%252F%253C%2540https%253A%252F%252Fwww.gootickets.com%252Fjs%252Fvendorjs%252Fangular%252Fangular.min.js%253Fversion%253D7.26.22%253A1%253A9887%250Au%252F%253C%2540https%253A%252F%252Fwww.gootickets.com%252Fjs%252Fvendorjs%252Fangular%252Fangular.min.js%253Fversion%253D7.26.22%253A1%253A16359%250Ao%2540https%253A%252F%252Fwww.gootickets.com%252Fjs%252Fvendorjs%252Fangular%252Fangular.min.js%253Fversion%253D7.26.22%253A1%253A986%250Au%2540https%253A%252F%252Fwww.gootickets.com%252Fjs%252Fvendorjs%252Fangular%252Fangular.min.js%253Fversion%253D7.26.22%253A1%253A16208%250Au%252F%253C%2540https%253A%252F%252Fwww.gootickets.com%252Fjs%252Fvendorjs%252Fangular%252Fangular.min.js%253Fversion%253D7.26.22%253A1%253A16391%250Ao%2540https%253A%252F%252Fwww.gootickets.com%252Fjs%252Fvendorjs%252Fangular%252Fangular.min.js%253Fversion%253D7.26.22%253A1%253A986%250Au%2540https%253A%252F%252Fwww.gootickets.com%252Fjs%252Fvendorjs%252Fangular%252Fangular.min.js%253Fversion%253D7.26.22%253A1%253A16208%250Azt%2540https%253A%252F%252Fwww.gootickets.com%252Fjs%252Fvendorjs%252Fangular%252Fangular.min.js%253Fversion%253D7.26.22%253A1%253A18336%250Ai%2540https%253A%252F%252Fwww.gootickets.com%252Fjs%252Fvendorjs%252Fangular%252Fangular.min.js%253Fversion%253D7.26.22%253A1%253A8095%250Aet%2540https%253A%252F%252Fwww.gootickets.com%252Fjs%252Fvendorjs%252Fangular%252Fangular.min.js%253Fversion%253D7.26.22%253A1%253A8400%250Att%2540https%253A%252F%252Fwww.gootickets.com%252Fjs%252Fvendorjs%252Fangular%252Fangular.min.js%253Fversion%253D7.26.22%253A1%253A7557%250A%2540https%253A%252F%252Fwww.gootickets.com%252Fjs%252Fvendorjs%252Fangular%252Fangular.min.js%253Fversion%253D7.26.22%253A1%253A168919%250Ac%2540https%253A%252F%252Fwww.gootickets.com%252Fjs%252Fvendorjs%252Fjquery%252Fdist%252Fjquery.min.js%253A1%253A36451%250AfireWith%2540https%253A%252F%252Fwww.gootickets.com%252Fjs%252Fvendorjs%252Fjquery%252Fdist%252Fjquery.min.js%253A1%253A37263%250Aready%2540https%253A%252F%252Fwww.gootickets.com%252Fjs%252Fvendorjs%252Fjquery%252Fdist%252Fjquery.min.js%253A1%253A39123%250As%2540https%253A%252F%252Fwww.gootickets.com%252Fjs%252Fvendorjs%252Fjquery%252Fdist%252Fjquery.min.js%253A1%253A1164%250A%0Ar%2F%3C%40https%3A%2F%2Fwww.gootickets.com%2Fjs%2Fvendorjs%2Fangular%2Fangular.min.js%3Fversion%3D7.26.22%3A1%3A554%0Au%2F%3C%40https%3A%2F%2Fwww.gootickets.com%2Fjs%2Fvendorjs%2Fangular%2Fangular.min.js%3Fversion%3D7.26.22%3A1%3A16651%0Ao%40https%3A%2F%2Fwww.gootickets.com%2Fjs%2Fvendorjs%2Fangular%2Fangular.min.js%3Fversion%3D7.26.22%3A1%3A986%0Au%40https%3A%2F%2Fwww.gootickets.com%2Fjs%2Fvendorjs%2Fangular%2Fangular.min.js%3Fversion%3D7.26.22%3A1%3A16208%0Au%2F%3C%40https%3A%2F%2Fwww.gootickets.com%2Fjs%2Fvendorjs%2Fangular%2Fangular.min.js%3Fversion%3D7.26.22%3A1%3A16391%0Ao%40https%3A%2F%2Fwww.gootickets.com%2Fjs%2Fvendorjs%2Fangular%2Fangular.min.js%3Fversion%3D7.26.22%3A1%3A986%0Au%40https%3A%2F%2Fwww.gootickets.com%2Fjs%2Fvendorjs%2Fangular%2Fangular.min.js%3Fversion%3D7.26.22%3A1%3A16208%0Azt%40https%3A%2F%2Fwww.gootickets.com%2Fjs%2Fvendorjs%2Fangular%2Fangular.min.js%3Fversion%3D7.26.22%3A1%3A18336%0Ai%40https%3A%2F%2Fwww.gootickets.com%2Fjs%2Fvendorjs%2Fangular%2Fangular.min.js%3Fversion%3D7.26.22%3A1%3A8095%0Aet%40https%3A%2F%2Fwww.gootickets.com%2Fjs%2Fvendorjs%2Fangular%2Fangular.min.js%3Fversion%3D7.26.22%3A1%3A8400%0Att%40https%3A%2F%2Fwww.gootickets.com%2Fjs%2Fvendorjs%2Fangular%2Fangular.min.js%3Fversion%3D7.26.22%3A1%3A7557%0A%40https%3A%2F%2Fwww.gootickets.com%2Fjs%2Fvendorjs%2Fangular%2Fangular.min.js%3Fversion%3D7.26.22%3A1%3A168919%0Ac%40https%3A%2F%2Fwww.gootickets.com%2Fjs%2Fvendorjs%2Fjquery%2Fdist%2Fjquery.min.js%3A1%3A36451%0AfireWith%40https%3A%2F%2Fwww.gootickets.com%2Fjs%2Fvendorjs%2Fjquery%2Fdist%2Fjquery.min.js%3A1%3A37263%0Aready%40https%3A%2F%2Fwww.gootickets.com%2Fjs%2Fvendorjs%2Fjquery%2Fdist%2Fjquery.min.js%3A1%3A39123%0As%40https%3A%2F%2Fwww.gootickets.com%2Fjs%2Fvendorjs%2Fjquery%2Fdist%2Fjquery.min.js%3A1%3A1164%0A
]]></system-err>
  </testcase>
</testsuite>