<?xml version="1.0" encoding="UTF-8"?>
<testng-results skipped="0" failed="1" ignored="0" total="1" passed="0">
  <reporter-output>
  </reporter-output>
  <suite name="DCI Tests" duration-ms="10849" started-at="2020-03-12T17:19:30 CET" finished-at="2020-03-12T17:19:41 CET">
    <groups>
    </groups>
    <test name="all" duration-ms="10849" started-at="2020-03-12T17:19:30 CET" finished-at="2020-03-12T17:19:41 CET">
      <class name="tests.gooticketsTests">
        <test-method status="PASS" signature="initDriver()[pri:0, instance:tests.gooticketsTests@2f686d1f]" name="initDriver" is-config="true" duration-ms="4151" started-at="2020-03-12T17:19:30 CET" finished-at="2020-03-12T17:19:34 CET">
          <reporter-output>
          </reporter-output>
        </test-method> <!-- initDriver -->
        <test-method status="FAIL" signature="accessWebSiteAndSignUp()[pri:0, instance:tests.gooticketsTests@2f686d1f]" name="accessWebSiteAndSignUp" duration-ms="6659" started-at="2020-03-12T17:19:34 CET" finished-at="2020-03-12T17:19:41 CET">
          <exception class="java.lang.IllegalMonitorStateException">
            <full-stacktrace>
              <![CDATA[java.lang.IllegalMonitorStateException
at java.lang.Object.wait(Native Method)
at tests.gooticketsTests.accessWebSiteAndSignUp(gooticketsTests.java:62)
at sun.reflect.NativeMethodAccessorImpl.invoke0(Native Method)
at sun.reflect.NativeMethodAccessorImpl.invoke(NativeMethodAccessorImpl.java:62)
at sun.reflect.DelegatingMethodAccessorImpl.invoke(DelegatingMethodAccessorImpl.java:43)
at java.lang.reflect.Method.invoke(Method.java:498)
at org.testng.internal.MethodInvocationHelper.invokeMethod(MethodInvocationHelper.java:133)
at org.testng.internal.TestInvoker.invokeMethod(TestInvoker.java:584)
at org.testng.internal.TestInvoker.invokeTestMethod(TestInvoker.java:172)
at org.testng.internal.MethodRunner.runInSequence(MethodRunner.java:46)
at org.testng.internal.TestInvoker$MethodInvocationAgent.invoke(TestInvoker.java:804)
at org.testng.internal.TestInvoker.invokeTestMethods(TestInvoker.java:145)
at org.testng.internal.TestMethodWorker.invokeTestMethods(TestMethodWorker.java:146)
at org.testng.internal.TestMethodWorker.run(TestMethodWorker.java:128)
at java.util.concurrent.ThreadPoolExecutor.runWorker(ThreadPoolExecutor.java:1149)
at java.util.concurrent.ThreadPoolExecutor$Worker.run(ThreadPoolExecutor.java:624)
at java.lang.Thread.run(Thread.java:748)
]]>
            </full-stacktrace>
          </exception> <!-- java.lang.IllegalMonitorStateException -->
          <reporter-output>
          </reporter-output>
        </test-method> <!-- accessWebSiteAndSignUp -->
      </class> <!-- tests.gooticketsTests -->
    </test> <!-- all -->
  </suite> <!-- DCI Tests -->
</testng-results>
